<?xml version="1.0" encoding="UTF-8"?>
<!-- Generated by org.testng.reporters.JUnitReportReporter -->
<testsuite hostname="GabbooAlien" name="geForceSelenium.gForce.Script.testing_Script" tests="1" failures="0" timestamp="17 Mar 2017 03:16:12 GMT" time="3.674" errors="0">
  <testcase name="Hello" time="3.674" classname="geForceSelenium.gForce.Script.testing_Script"/>
</testsuite> <!-- geForceSelenium.gForce.Script.testing_Script -->
