<?xml version="1.0" encoding="UTF-8"?>
<!-- Generated by org.testng.reporters.JUnitReportReporter -->
<testsuite name="geForceSelenium.gForce.Script.webTeacherModule" tests="4" time="69.747" ignored="5" failures="0" timestamp="22 Feb 2017 10:08:40 GMT" skipped="0" hostname="GabbooAlien" errors="0">
  <testcase name="createTeacherFutureDateTest" time="19.043" classname="geForceSelenium.gForce.Script.webTeacherModule"/>
  <testcase name="createTeacherTest" time="18.164" classname="geForceSelenium.gForce.Script.webTeacherModule"/>
  <testcase name="createTeacherNotAvailableForTrainingTest" time="16.456" classname="geForceSelenium.gForce.Script.webTeacherModule"/>
  <testcase name="searchTeacherTest" time="16.084" classname="geForceSelenium.gForce.Script.webTeacherModule"/>
  <testcase name="unifiedRunTest" classname="geForceSelenium.gForce.Script.webClassModule">
    <skipped/>
  </testcase> <!-- unifiedRunTest -->
  <testcase name="afterTest" classname="geForceSelenium.gForce.Util.TestCaseBase">
    <skipped/>
  </testcase> <!-- afterTest -->
  <testcase name="afterTest" classname="geForceSelenium.gForce.Util.TestCaseBase">
    <skipped/>
  </testcase> <!-- afterTest -->
  <testcase name="setupTest" classname="geForceSelenium.gForce.Util.TestCaseBase">
    <skipped/>
  </testcase> <!-- setupTest -->
  <testcase name="setupTest" classname="geForceSelenium.gForce.Util.TestCaseBase">
    <skipped/>
  </testcase> <!-- setupTest -->
</testsuite> <!-- geForceSelenium.gForce.Script.webTeacherModule -->
