<?xml version="1.0" encoding="UTF-8"?>
<!-- Generated by org.testng.reporters.JUnitReportReporter -->
<testsuite name="geForceSelenium.gForce.Script.webStudentModule" tests="5" time="75.024" ignored="0" failures="0" timestamp="22 Feb 2017 12:06:12 GMT" skipped="0" hostname="GabbooAlien" errors="0">
  <testcase name="createStudentTest" time="16.666" classname="geForceSelenium.gForce.Script.webStudentModule"/>
  <testcase name="editStudentTest" time="14.849" classname="geForceSelenium.gForce.Script.webStudentModule"/>
  <testcase name="searchStudentTest" time="12.034" classname="geForceSelenium.gForce.Script.webStudentModule"/>
  <testcase name="deleteStudentTest" time="16.441" classname="geForceSelenium.gForce.Script.webStudentModule"/>
  <testcase name="viewStudentTest" time="15.034" classname="geForceSelenium.gForce.Script.webStudentModule"/>
</testsuite> <!-- geForceSelenium.gForce.Script.webStudentModule -->
